<?xml version="1.0" encoding="UTF-8"?>
<testsuite xmlns:xsi="http://www.w3.org/2001/XMLSchema-instance" xsi:noNamespaceSchemaLocation="https://maven.apache.org/surefire/maven-surefire-plugin/xsd/surefire-test-report-3.0.xsd" version="3.0" name="com.truck.repository.impl.InMemoryTruckRepositoryTest" time="0.039" tests="19" errors="0" skipped="0" failures="0">
  <properties>
[...]
</properties>
  <testcase name="testFindByVin_Success" classname="com.truck.repository.impl.InMemoryTruckRepositoryTest" time="0.014"/>
  <testcase name="testFindByBrand_Success" classname="com.truck.repository.impl.InMemoryTruckRepositoryTest" time="0.001"/>
  <testcase name="testCountByBrand" classname="com.truck.repository.impl.InMemoryTruckRepositoryTest" time="0.001"/>
  <testcase name="testDeleteById_Success" classname="com.truck.repository.impl.InMemoryTruckRepositoryTest" time="0.001"/>
  <testcase name="testSave_Success" classname="com.truck.repository.impl.InMemoryTruckRepositoryTest" time="0.001"/>
  <testcase name="testCount" classname="com.truck.repository.impl.InMemoryTruckRepositoryTest" time="0.0"/>
  <testcase name="testDeleteById_NotFound" classname="com.truck.repository.impl.InMemoryTruckRepositoryTest" time="0.0"/>
  <testcase name="testSave_NullTruck_ThrowsException" classname="com.truck.repository.impl.InMemoryTruckRepositoryTest" time="0.001"/>
  <testcase name="testFindByVin_NotFound" classname="com.truck.repository.impl.InMemoryTruckRepositoryTest" time="0.0"/>
  <testcase name="testSave_EmptyId_ThrowsException" classname="com.truck.repository.impl.InMemoryTruckRepositoryTest" time="0.001"/>
  <testcase name="testFindAll_MultipleTrucks" classname="com.truck.repository.impl.InMemoryTruckRepositoryTest" time="0.0"/>
  <testcase name="testUpdate_NonExistent_ThrowsException" classname="com.truck.repository.impl.InMemoryTruckRepositoryTest" time="0.0"/>
  <testcase name="testUpdate_VinChanged" classname="com.truck.repository.impl.InMemoryTruckRepositoryTest" time="0.0"/>
  <testcase name="testFindById_Success" classname="com.truck.repository.impl.InMemoryTruckRepositoryTest" time="0.0"/>
  <testcase name="testExistsByVin" classname="com.truck.repository.impl.InMemoryTruckRepositoryTest" time="0.001"/>
  <testcase name="testFindByStatus_Success" classname="com.truck.repository.impl.InMemoryTruckRepositoryTest" time="0.0"/>
  <testcase name="testFindById_NotFound" classname="com.truck.repository.impl.InMemoryTruckRepositoryTest" time="0.0"/>
  <testcase name="testUpdate_Success" classname="com.truck.repository.impl.InMemoryTruckRepositoryTest" time="0.0"/>
  <testcase name="testFindAll_Empty" classname="com.truck.repository.impl.InMemoryTruckRepositoryTest" time="0.0"/>
</testsuite>